IQ-TREE multicore version 2.1.3 COVID-edition for Linux 64-bit built Apr 21 2021
Developed by Bui Quang Minh, James Barbetti, Nguyen Lam Tung,
Olga Chernomor, Heiko Schmidt, Dominik Schrempf, Michael Woodhams.

Host:    aither-ThinkPad-T420 (AVX2, FMA3, 15 GB RAM)
Command: iqtree2 -m MFP -T 4 -s alignment_filtered_prot.fasta --prefix iqtr
Seed:    731543 (Using SPRNG - Scalable Parallel Random Number Generator)
Time:    Fri May 13 00:48:01 2022
Kernel:  AVX+FMA - 4 threads (4 CPU cores detected)

Reading alignment file alignment_filtered_prot.fasta ... Fasta format detected
Alignment most likely contains protein sequences
Alignment has 1284 sequences with 5157 columns, 4906 distinct patterns
2699 parsimony-informative, 1546 singleton sites, 912 constant sites
                   Gap/Ambiguity  Composition  p-value
   1  WP_014106744.1      95.77%    passed     17.06%
   2  WP_012478241.1      95.56%    failed      0.19%
   3  WP_219499126.1      96.12%    failed      0.04%
   4  WP_031790847.1      96.30%    passed     57.84%
   5  WP_015059954.1      95.73%    failed      3.43%
   6  WP_011117201.1      95.68%    failed      0.17%
   7  WP_223597041.1      96.20%    passed     24.88%
   8  WP_159373871.1      96.04%    passed     46.42%
   9  WP_002338549.1      95.25%    failed      0.08%
  10  WP_011117327.1      96.26%    passed     73.53%
  11  WP_015237547.1      95.97%    failed      4.36%
  12  WP_015237552.1      95.87%    failed      0.60%
  13  WP_012477807.1      95.97%    failed      0.63%
  14  WP_026260398.1      96.32%    passed     26.00%
  15  WP_149037331.1      95.40%    passed     27.36%
  16  WP_081196234.1      96.12%    failed      0.10%
  17  WP_012816703.1      96.14%    passed      5.33%
  18  WP_013023904.1      96.28%    passed     91.27%
  19  WP_012301162.1      95.71%    failed      0.15%
  20  WP_223286765.1      95.38%    failed      0.05%
  21  WP_011225085.1      95.97%    passed     18.24%
  22  WP_042748493.1      96.06%    passed      9.10%
  23  WP_012954668.1      96.28%    failed      3.28%
  24  WP_058649908.1      96.24%    passed     59.36%
  25  WP_065371964.1      95.38%    passed      8.52%
  26  WP_224184819.1      96.26%    passed      9.89%
  27  WP_172691991.1      95.11%    failed      0.32%
  28  WP_131473151.1      96.26%    passed     22.43%
  29  WP_082200913.1      96.06%    passed     15.65%
  30  WP_013130267.1      95.83%    failed      2.27%
  31  WP_013385810.1      95.40%    failed      0.28%
  32  WP_010896183.1      96.10%    failed      2.22%
  33  WP_085296707.1      96.16%    passed     20.82%
  34  WP_206152587.1      95.70%    failed      3.54%
  35  WP_107892644.1      96.14%    passed     49.05%
  36  WP_078234349.1      95.42%    failed      0.36%
  37  WP_015237550.1      95.64%    failed      1.18%
  38  WP_096836632.1      96.84%    passed      5.82%
  39  WP_191983225.1      95.60%    failed      0.66%
  40  WP_181711721.1      97.17%    failed      0.36%
  41  WP_015087713.1      95.87%    failed      0.38%
  42  WP_015086507.1      95.58%    failed      0.57%
  43  WP_192962735.1      96.51%    failed      0.21%
  44  WP_176705573.1      95.81%    failed      4.93%
  45  WP_228406408.1      96.92%    passed     43.21%
  46  WP_228768613.1      97.83%    passed     62.88%
  47  WP_012218463.1      96.20%    failed      0.10%
  48  WP_150377668.1      97.34%    failed      2.96%
  49  WP_035138973.1      95.87%    passed     34.86%
  50  WP_172694356.1      97.61%    passed      6.17%
  51  WP_226823718.1      98.18%    passed     78.04%
  52  WP_217265565.1      98.04%    failed      2.94%
  53  WP_232043133.1      97.11%    passed     13.67%
  54  WP_233109014.1      97.03%    passed      5.56%
  55  WP_146965079.1      89.57%    failed      0.00%
  56  WP_232044224.1      98.66%    passed     94.70%
  57  WP_223266651.1      92.46%    failed      0.00%
  58  WP_120773443.1      91.14%    failed      0.00%
  59  WP_161511453.1      89.47%    failed      0.00%
  60  WP_012818155.1      92.61%    failed      0.00%
  61  WP_011412955.1      92.59%    failed      0.00%
  62  WP_012477877.1      92.73%    failed      0.00%
  63  WP_079200807.1      98.18%    passed     20.91%
  64  WP_223203874.1      98.04%    passed     60.48%
  65  WP_014573550.1      90.15%    failed      0.00%
  66  WP_081146394.1      99.15%    passed     25.21%
  67  WP_147004666.1      89.32%    failed      0.00%
  68  WP_212463099.1      98.78%    passed     70.97%
  69  WP_101913470.1      98.55%    passed     49.62%
  70  WP_217499626.1      99.44%    passed     29.88%
  71  OLRV01019819.1_2    95.79%    passed     19.01%
  72  OCLI01001275.1_2    96.24%    failed      2.74%
  73  OJOG01008499.1_1    96.35%    failed      0.89%
  74  OIMA01001880.1_3    95.64%    passed      6.09%
  75  OLEX01002292.1_3    95.29%    failed      0.35%
  76  OMBN01004210.1_4    95.68%    failed      1.05%
  77  OIXG01006864.1_5    95.29%    passed     27.79%
  78  PPYF01464352.1_4    95.42%    passed     10.57%
  79  OLCT01001884.1_4    94.80%    passed     55.74%
  80  OLYC01012753.1_1    95.85%    passed     36.73%
  81  OIMA01001880.1_1    97.75%    passed     67.66%
  82  WP_015157504.1      93.89%    failed      0.70%
  83  WP_015205648.1      93.97%    failed      4.63%
  84  WP_080376314.1      93.83%    failed      0.27%
  85  WP_199850703.1      94.05%    failed      3.78%
  86  WP_012477184.1      93.91%    failed      2.18%
  87  WP_136085705.1      93.25%    failed      0.54%
  88  WP_099578691.1      93.60%    failed      0.00%
  89  WP_011116718.1      93.87%    failed      0.04%
  90  WP_181391909.1      93.45%    passed     30.91%
  91  WP_031622034.1      88.83%    failed      0.00%
  92  WP_200231015.1      93.41%    failed      3.02%
  93  WP_123805298.1      92.90%    failed      0.00%
  94  WP_215744943.1      97.61%    passed     34.23%
  95  WP_017762653.1      94.14%    failed      0.00%
  96  WP_081051462.1      96.68%    passed     63.96%
  97  WP_200625790.1      97.27%    failed      0.08%
  98  WP_172409564.1      97.79%    failed      0.26%
  99  WP_176703118.1      97.89%    failed      0.09%
 100  WP_142378037.1      97.48%    passed     59.78%
 101  WP_114291274.1      97.17%    failed      0.00%
 102  WP_102896041.1      94.65%    failed      0.00%
 103  WP_172440277.1      97.27%    failed      0.02%
 104  WP_202719321.1      93.43%    failed      0.00%
 105  WP_172440280.1      98.51%    passed     36.82%
 106  WP_014966155.1      91.93%    failed      0.00%
 107  WP_031943495.1      91.93%    failed      0.30%
 108  WP_181711036.1      97.60%    failed      0.26%
 109  WP_051119188.1      93.10%    failed      0.00%
 110  WP_106421263.1      97.27%    failed      0.44%
 111  WP_002451759.1      97.79%    failed      0.04%
 112  WP_107365540.1      97.65%    failed      0.16%
 113  WP_156676126.1      97.60%    failed      0.14%
 114  WP_158223360.1      94.55%    failed      0.00%
 115  WP_185742254.1      93.41%    failed      0.92%
 116  WP_073346244.1      97.85%    failed      0.16%
 117  WP_170172430.1      97.91%    failed      0.19%
 118  WP_172402764.1      98.00%    passed     20.61%
 119  WP_078066222.1      97.96%    failed      2.30%
 120  WP_149217134.1      96.04%    failed      0.09%
 121  WP_172170090.1      91.25%    failed      0.00%
 122  WP_191088047.1      98.00%    failed      0.24%
 123  WP_221272711.1      82.96%    failed      0.00%
 124  WP_186983417.1      89.35%    failed      0.00%
 125  WP_208218959.1      93.35%    failed      0.00%
 126  WP_201649564.1      98.00%    failed      1.98%
 127  WP_171895893.1      98.25%    failed      1.55%
 128  WP_072400071.1      97.96%    failed      1.15%
 129  WP_052661581.1      92.42%    failed      0.00%
 130  WP_164857622.1      97.85%    failed      3.82%
 131  WP_215824672.1      92.81%    failed      0.00%
 132  WP_172404394.1      98.08%    failed      0.41%
 133  WP_207326388.1      97.91%    failed      0.40%
 134  WP_202847958.1      97.85%    failed      0.08%
 135  WP_192963074.1      94.92%    failed      0.35%
 136  WP_095252224.1      97.91%    failed      0.12%
 137  WP_225526603.1      98.08%    failed      0.26%
 138  WP_217847104.1      92.69%    failed      0.00%
 139  WP_088587065.1      99.07%    passed     49.89%
 140  WP_010890209.1      91.10%    failed      0.00%
 141  WP_173621479.1      93.02%    failed      0.00%
 142  WP_082080601.1      98.16%    failed      0.21%
 143  WP_217082660.1      98.00%    failed      1.61%
 144  WP_016097481.1      97.44%    failed      0.12%
 145  WP_173621461.1      91.89%    failed      0.00%
 146  WP_231293596.1      97.93%    failed      0.06%
 147  WP_186809304.1      98.29%    failed      0.14%
 148  WP_045353949.1      93.91%    failed      0.06%
 149  WP_010890240.1      93.50%    passed     21.04%
 150  WP_200922428.1      93.72%    failed      0.01%
 151  WP_011222005.1      93.81%    failed      0.07%
 152  WP_034376779.1      93.74%    failed      0.00%
 153  WP_172693263.1      93.91%    failed      0.00%
 154  WP_225426376.1      98.53%    passed     12.51%
 155  WP_001802345.1      98.70%    passed     12.05%
 156  QWBY01041789.1_2    93.39%    failed      0.01%
 157  QWBY01041789.1_1    96.68%    failed      0.83%
 158  PPYF01132535.1_2    90.81%    failed      0.00%
 159  OCSG01006757.1_2    91.16%    failed      0.00%
 160  OIJY01000138.1_3    90.34%    failed      0.00%
 161  OIYH01013866.1_2    93.81%    failed      0.62%
 162  OLPG01011807.1_3    93.68%    failed      0.00%
 163  OWIX01006086.1_1    93.08%    failed      0.29%
 164  QWBY01037397.1_2    97.67%    failed      0.18%
 165  OCQC01019492.1_1    92.96%    failed      0.00%
 166  OLPD01007910.1_1    93.39%    failed      0.01%
 167  OKPT01002088.1_1    92.81%    failed      0.00%
 168  WP_032495387.1      95.31%    failed      1.94%
 169  WP_127817643.1      94.22%    failed      0.31%
 170  WP_010891103.1      94.03%    failed      0.00%
 171  WP_078255193.1      94.84%    failed      0.03%
 172  WP_206208530.1      94.07%    failed      0.06%
 173  WP_229293693.1      93.79%    failed      0.00%
 174  WP_165885985.1      94.86%    failed      0.00%
 175  WP_001681832.1      93.48%    failed      0.00%
 176  WP_192962722.1      92.69%    failed      0.01%
 177  WP_031871928.1      95.27%    failed      0.11%
 178  WP_221272638.1      94.71%    passed     77.91%
 179  WP_176705027.1      94.03%    failed      0.01%
 180  WP_207144623.1      94.90%    failed      0.27%
 181  WP_013631090.1      94.05%    failed      0.00%
 182  WP_052585444.1      92.57%    failed      0.55%
 183  WP_105997067.1      95.25%    failed      0.14%
 184  WP_135679379.1      94.34%    passed     15.22%
 185  WP_176704733.1      93.47%    failed      0.00%
 186  WP_099112462.1      95.11%    failed      0.01%
 187  WP_062851214.1      93.45%    failed      0.00%
 188  WP_033871478.1      95.31%    failed      0.00%
 189  WP_172687282.1      95.27%    failed      0.65%
 190  WP_095321118.1      95.37%    failed      0.10%
 191  WP_012779621.1      92.38%    failed      0.00%
 192  WP_216712707.1      95.64%    failed      0.17%
 193  WP_057070934.1      91.47%    failed      0.38%
 194  WP_181718280.1      91.68%    failed      0.00%
 195  WP_072526961.1      97.96%    failed      1.36%
 196  WP_230457561.1      98.51%    passed      9.58%
 197  WP_181716086.1      92.44%    failed      0.00%
 198  WP_197749398.1      93.17%    failed      0.00%
 199  WP_010891144.1      93.81%    failed      0.20%
 200  WP_010725612.1      98.47%    failed      0.09%
 201  WP_171969570.1      98.99%    passed      5.38%
 202  WP_147310522.1      91.51%    failed      0.00%
 203  WP_011266080.1      92.77%    failed      0.00%
 204  WP_172448214.1      98.58%    passed     15.44%
 205  WP_172965969.1      97.46%    failed      0.21%
 206  WP_165844392.1      96.72%    passed      7.66%
 207  WP_229228902.1      92.86%    failed      0.00%
 208  WP_181710369.1      92.28%    failed      0.00%
 209  WP_078100993.1      98.62%    failed      1.20%
 210  WP_085787618.1      90.96%    failed      0.00%
 211  WP_181407152.1      93.54%    failed      0.00%
 212  WP_197577743.1      90.96%    failed      0.00%
 213  WP_137287953.1      92.05%    failed      0.91%
 214  WP_176451871.1      92.96%    failed      0.00%
 215  WP_197702362.1      99.19%    passed     51.32%
 216  WP_165886011.1      98.20%    failed      0.85%
 217  WP_192957663.1      93.15%    failed      0.00%
 218  WP_176705079.1      92.44%    failed      0.00%
 219  WP_194256557.1      94.12%    failed      0.00%
 220  WP_081325208.1      98.06%    failed      1.50%
 221  WP_200918403.1      93.02%    failed      0.00%
 222  WP_168425273.1      92.40%    failed      0.00%
 223  WP_181717149.1      91.51%    failed      0.00%
 224  WP_080606681.1      91.00%    failed      0.00%
 225  WP_185742763.1      92.84%    failed      0.00%
 226  WP_000271233.1      92.38%    failed      1.09%
 227  WP_232469360.1      91.45%    failed      0.00%
 228  WP_202939961.1      91.41%    failed      0.00%
 229  WP_001817892.1      98.74%    failed      2.86%
 230  WP_013521195.1      91.62%    failed      0.00%
 231  WP_040116767.1      92.15%    failed      0.13%
 232  WP_192957661.1      92.50%    failed      0.00%
 233  WP_152456609.1      90.44%    failed      0.01%
 234  WP_153045450.1      92.11%    failed      0.00%
 235  WP_176450443.1      92.71%    failed      0.00%
 236  WP_171597683.1      91.33%    failed      0.00%
 237  WP_012477875.1      90.52%    failed      0.00%
 238  WP_181717082.1      92.15%    failed      0.00%
 239  WP_171816564.1      98.43%    failed      1.57%
 240  WP_032490544.1      92.65%    failed      0.00%
 241  WP_192960589.1      91.24%    failed      0.00%
 242  WP_181409035.1      92.38%    failed      0.00%
 243  WP_012478163.1      89.04%    failed      0.00%
 244  WP_207144622.1      98.53%    failed      3.54%
 245  WP_011117313.1      94.40%    failed      0.00%
 246  WP_160124388.1      91.93%    failed      0.01%
 247  WP_216636327.1      98.58%    passed     50.94%
 248  WP_095306030.1      99.19%    passed     27.25%
 249  WP_010976361.1      91.06%    failed      0.00%
 250  WP_029658937.1      97.91%    passed     20.08%
 251  WP_192963054.1      93.58%    failed      0.00%
 252  WP_172953137.1      95.06%    failed      0.50%
 253  WP_173026312.1      98.33%    failed      0.27%
 254  WP_192964196.1      90.42%    failed      0.00%
 255  WP_142297891.1      98.02%    passed     70.31%
 256  WP_192964715.1      88.27%    failed      0.00%
 257  WP_149037320.1      87.26%    failed      0.00%
 258  WP_202979114.1      89.86%    failed      0.00%
 259  WP_032543042.1      93.23%    passed      5.34%
 260  WP_181377216.1      92.88%    failed      0.00%
 261  WP_171820543.1      96.06%    passed      9.50%
 262  WP_058954253.1      92.65%    failed      0.00%
 263  WP_139118871.1      91.84%    failed      0.00%
 264  WP_129356192.1      91.62%    failed      0.00%
 265  WP_095333379.1      98.04%    failed      0.41%
 266  WP_172691624.1      93.39%    failed      0.69%
 267  WP_000427687.1      93.66%    failed      4.74%
 268  WP_176705574.1      93.45%    failed      0.00%
 269  WP_010890163.1      93.95%    failed      0.00%
 270  WP_086131660.1      93.93%    failed      0.00%
 271  WP_014645401.1      92.88%    failed      0.02%
 272  WP_102076222.1      92.75%    failed      0.43%
 273  WP_011018370.1      93.89%    failed      0.03%
 274  WP_034656384.1      93.91%    failed      0.00%
 275  WP_144781826.1      93.97%    failed      0.01%
 276  WP_003627516.1      93.91%    failed      0.00%
 277  WP_231849128.1      93.78%    failed      0.03%
 278  WP_000795151.1      93.56%    failed      0.01%
 279  WP_197942376.1      93.47%    failed      0.01%
 280  WP_040957277.1      93.45%    failed      0.00%
 281  WP_010891275.1      93.85%    failed      0.00%
 282  WP_011117316.1      93.87%    failed      0.03%
 283  WP_205899169.1      94.92%    failed      0.00%
 284  WP_033705315.1      93.79%    failed      0.22%
 285  WP_095259613.1      95.27%    failed      0.15%
 286  WP_135679383.1      93.37%    failed      4.78%
 287  WP_187107891.1      95.71%    failed      3.29%
 288  WP_014426088.1      93.37%    failed      0.23%
 289  WP_025187468.1      95.00%    failed      1.81%
 290  WP_003310452.1      93.81%    failed      0.00%
 291  WP_078234345.1      93.15%    failed      0.00%
 292  WP_002304903.1      93.62%    failed      0.01%
 293  WP_223664329.1      93.19%    failed      0.00%
 294  WP_011154349.1      92.79%    failed      0.04%
 295  WP_000162904.1      93.27%    failed      0.00%
 296  WP_172690062.1      93.56%    failed      1.30%
 297  WP_089072495.1      95.50%    failed      0.84%
 298  WP_095259820.1      94.57%    failed      0.00%
 299  WP_087120538.1      93.68%    failed      0.00%
 300  WP_149366002.1      95.68%    failed      3.23%
 301  WP_096790946.1      95.75%    failed      0.02%
 302  WP_172841468.1      95.91%    failed      0.05%
 303  WP_078248992.1      96.20%    failed      0.78%
 304  WP_095256266.1      95.79%    failed      0.40%
 305  WP_095259816.1      95.60%    failed      0.08%
 306  WP_197699154.1      96.08%    failed      0.06%
 307  WP_026745123.1      93.83%    failed      0.00%
 308  WP_215744942.1      95.95%    failed      0.06%
 309  WP_040107879.1      94.07%    failed      0.00%
 310  WP_201649562.1      96.06%    passed     11.26%
 311  WP_142991390.1      96.10%    failed      4.59%
 312  WP_066122656.1      93.33%    failed      0.42%
 313  WP_197724313.1      96.10%    failed      0.27%
 314  WP_080392074.1      96.18%    failed      0.72%
 315  WP_225486980.1      96.76%    failed      3.40%
 316  WP_172965121.1      96.76%    failed      0.66%
 317  WP_033858549.1      96.20%    failed      0.01%
 318  WP_142302077.1      97.25%    passed      6.24%
 319  WP_181491528.1      90.67%    failed      0.00%
 320  WP_095264440.1      96.59%    failed      0.67%
 321  WP_181553549.1      89.08%    failed      0.00%
 322  WP_172953136.1      96.04%    passed     73.52%
 323  WP_127840800.1      95.77%    failed      0.17%
 324  WP_226799873.1      97.05%    failed      1.97%
 325  WP_052306454.1      97.13%    failed      3.25%
 326  WP_172407675.1      96.99%    failed      0.46%
 327  WP_129210329.1      97.19%    failed      0.44%
 328  WP_181249012.1      96.57%    failed      3.38%
 329  WP_168445794.1      90.63%    failed      0.00%
 330  WP_142996990.1      96.61%    failed      3.82%
 331  WP_059347895.1      90.44%    failed      0.00%
 332  WP_145339587.1      97.21%    failed      1.39%
 333  WP_181249011.1      97.07%    failed      0.55%
 334  WP_080353020.1      96.51%    failed      0.73%
 335  WP_025188112.1      96.65%    passed     15.23%
 336  WP_172405403.1      97.21%    failed      0.14%
 337  WP_014002034.1      95.35%    failed      0.45%
 338  WP_160160814.1      97.42%    failed      0.23%
 339  WP_103897793.1      96.14%    failed      0.00%
 340  WP_161511662.1      97.05%    failed      0.21%
 341  WP_172436960.1      97.46%    failed      0.19%
 342  WP_194849118.1      97.11%    passed     33.43%
 343  WP_165370624.1      96.65%    failed      0.00%
 344  WP_172403639.1      97.44%    failed      0.13%
 345  WP_113587854.1      96.92%    passed     11.89%
 346  WP_172401651.1      97.40%    passed      6.46%
 347  WP_071886605.1      97.69%    passed     93.97%
 348  WP_011992909.1      96.99%    passed     42.49%
 349  WP_152292131.1      97.48%    failed      2.46%
 350  WP_149366003.1      96.94%    passed     11.14%
 351  WP_197701915.1      98.49%    passed     31.42%
 352  WP_146897176.1      97.69%    failed      1.79%
 353  WP_208912258.1      97.23%    failed      2.54%
 354  WP_183078895.1      92.05%    failed      0.17%
 355  WP_160151383.1      91.82%    failed      0.00%
 356  WP_011113051.1      93.78%    failed      0.10%
 357  WP_146945474.1      94.38%    failed      0.00%
 358  WP_181718676.1      92.46%    failed      0.00%
 359  WP_012820770.1      92.57%    failed      0.00%
 360  WP_138962762.1      94.88%    failed      0.01%
 361  WP_020961692.1      92.59%    failed      0.00%
 362  WP_011154431.1      93.68%    failed      0.01%
 363  WP_196908766.1      95.44%    failed      0.25%
 364  WP_032489526.1      93.64%    failed      0.20%
 365  WP_011113046.1      93.93%    failed      0.00%
 366  WP_181374736.1      95.56%    failed      1.07%
 367  WP_015059334.1      95.35%    failed      0.21%
 368  WP_226888041.1      93.43%    failed      0.41%
 369  WP_176704144.1      95.19%    failed      0.05%
 370  WP_128526995.1      92.40%    failed      0.00%
 371  WP_221067356.1      93.43%    failed      0.00%
 372  WP_194219855.1      92.32%    failed      0.00%
 373  WP_152385811.1      94.67%    failed      0.00%
 374  WP_014133087.1      94.47%    failed      0.28%
 375  WP_010404337.1      93.17%    failed      0.00%
 376  WP_060463004.1      93.85%    failed      0.00%
 377  WP_105109322.1      94.36%    failed      0.00%
 378  WP_005541359.1      93.70%    failed      0.00%
 379  WP_023179907.1      94.92%    failed      0.00%
 380  WP_010891640.1      95.79%    failed      0.00%
 381  WP_226857234.1      93.85%    failed      0.62%
 382  WP_100358271.1      93.70%    failed      0.00%
 383  WP_047402701.1      93.70%    failed      0.01%
 384  WP_225508053.1      93.19%    failed      2.32%
 385  WP_104227830.1      93.41%    failed      0.00%
 386  WP_227523161.1      92.88%    failed      0.00%
 387  WP_158012763.1      92.11%    failed      0.00%
 388  WP_159334271.1      93.95%    failed      0.00%
 389  WP_025370480.1      93.06%    failed      0.00%
 390  WP_135437037.1      92.09%    failed      0.00%
 391  WP_232563749.1      93.43%    failed      0.00%
 392  WP_002821140.1      93.06%    failed      0.00%
 393  WP_148238047.1      91.55%    failed      0.00%
 394  WP_221067390.1      93.23%    failed      0.00%
 395  WP_137765805.1      94.28%    failed      0.00%
 396  WP_119851438.1      92.90%    failed      0.00%
 397  WP_011950375.1      89.12%    failed      0.00%
 398  WP_017432352.1      91.58%    failed      0.00%
 399  WP_233093541.1      96.16%    failed      0.00%
 400  WP_069681154.1      93.14%    failed      0.00%
 401  WP_213936130.1      97.54%    passed     12.39%
 402  WP_082779214.1      91.56%    failed      0.00%
 403  WP_082035750.1      94.51%    failed      0.00%
 404  WP_139758013.1      91.62%    failed      0.01%
 405  WP_211795060.1      93.66%    failed      0.00%
 406  WP_015060461.1      94.57%    failed      0.64%
 407  WP_013006623.1      92.01%    failed      0.00%
 408  WP_011074341.1      94.32%    failed      0.00%
 409  WP_034396707.1      90.60%    failed      1.03%
 410  WP_222260100.1      96.20%    failed      0.55%
 411  WP_136701329.1      94.34%    failed      0.00%
 412  WP_197947954.1      95.60%    failed      0.00%
 413  WP_015068768.1      91.66%    failed      0.00%
 414  WP_219982514.1      94.36%    failed      0.98%
 415  WP_173401955.1      94.16%    failed      0.00%
 416  WP_176386424.1      91.29%    failed      0.00%
 417  WP_124785692.1      93.17%    failed      0.00%
 418  WP_017446550.1      90.36%    failed      0.00%
 419  WP_139814310.1      98.45%    failed      4.76%
 420  WP_164256289.1      91.20%    failed      0.00%
 421  WP_232564149.1      96.84%    passed     14.24%
 422  WP_087051839.1      96.12%    failed      0.37%
 423  WP_185768500.1      90.30%    failed      0.00%
 424  WP_139932279.1      93.68%    failed      0.00%
 425  WP_232351370.1      98.14%    failed      3.10%
 426  WP_157328677.1      89.94%    failed      0.00%
 427  WP_232104820.1      98.33%    passed      6.45%
 428  WP_079392336.1      98.35%    passed     14.29%
 429  WP_080680681.1      98.89%    passed     86.95%
 430  WP_011988541.1      91.49%    failed      0.02%
 431  WP_192909134.1      92.46%    failed      0.00%
 432  WP_201083699.1      93.95%    failed      0.00%
 433  WP_095423538.1      89.61%    failed      0.00%
 434  WP_062471960.1      97.63%    failed      0.02%
 435  WP_136751537.1      96.57%    failed      0.64%
 436  WP_232052686.1      97.36%    failed      0.00%
 437  WP_173247941.1      98.18%    passed      7.74%
 438  WP_225312293.1      97.50%    failed      2.49%
 439  WP_014573544.1      91.27%    failed      0.00%
 440  WP_010349914.1      92.50%    failed      0.04%
 441  WP_181671454.1      89.57%    failed      0.00%
 442  WP_102875934.1      93.50%    failed      0.03%
 443  WP_224743090.1      96.06%    failed      3.19%
 444  WP_100699624.1      93.99%    failed      0.12%
 445  WP_181718188.1      97.81%    passed      7.13%
 446  WP_227453479.1      97.87%    failed      0.01%
 447  WP_231850461.1      95.19%    failed      0.00%
 448  WP_136129804.1      95.25%    failed      0.32%
 449  WP_083944123.1      89.96%    failed      0.00%
 450  WP_070406243.1      92.90%    failed      0.39%
 451  WP_152456583.1      93.08%    failed      0.09%
 452  WP_212599281.1      92.96%    failed      0.00%
 453  WP_227516132.1      97.93%    failed      0.02%
 454  WP_227639907.1      98.45%    passed     18.97%
 455  WP_000711927.1      93.99%    failed      0.36%
 456  WP_014759640.1      92.96%    failed      0.00%
 457  WP_168402703.1      93.93%    failed      0.08%
 458  WP_011199180.1      93.74%    failed      0.00%
 459  WP_012972403.1      94.47%    failed      0.00%
 460  WP_181717089.1      93.99%    failed      0.27%
 461  WP_221067472.1      91.74%    failed      0.00%
 462  WP_201896594.1      93.62%    failed      0.05%
 463  WP_127064330.1      91.56%    failed      0.00%
 464  WP_052014794.1      94.67%    failed      0.00%
 465  WP_012552337.1      95.75%    failed      0.02%
 466  WP_102038040.1      95.60%    failed      0.17%
 467  WP_228723951.1      93.56%    failed      0.00%
 468  WP_173705961.1      91.35%    failed      0.00%
 469  WP_042524624.1      94.55%    failed      0.00%
 470  WP_203226462.1      94.47%    failed      0.00%
 471  WP_182411399.1      94.03%    failed      0.26%
 472  WP_228723953.1      93.78%    failed      1.82%
 473  WP_181716065.1      92.53%    failed      0.00%
 474  WP_230212983.1      91.04%    failed      0.00%
 475  WP_014579456.1      92.15%    failed      0.81%
 476  WP_003711243.1      92.20%    failed      0.00%
 477  WP_181715867.1      94.03%    failed      0.42%
 478  WP_015453909.1      90.09%    failed      0.00%
 479  WP_104680948.1      94.51%    failed      0.00%
 480  WP_209822856.1      94.32%    failed      0.00%
 481  WP_139926441.1      93.64%    failed      0.31%
 482  WP_163836886.1      93.15%    failed      0.00%
 483  WP_050288965.1      95.40%    passed      5.21%
 484  WP_219494934.1      94.38%    failed      0.00%
 485  WP_202719297.1      91.84%    failed      0.00%
 486  WP_203172679.1      94.69%    failed      0.01%
 487  WP_013768975.1      90.77%    failed      0.00%
 488  WP_231780097.1      92.84%    failed      0.38%
 489  WP_114835310.1      91.27%    failed      0.00%
 490  WP_100271327.1      92.69%    failed      0.00%
 491  WP_159307630.1      96.55%    passed     14.61%
 492  WP_212145358.1      93.79%    failed      0.00%
 493  WP_193399774.1      95.27%    failed      0.34%
 494  WP_068227149.1      92.75%    failed      0.26%
 495  WP_164491540.1      93.17%    failed      0.10%
 496  WP_082808510.1      92.28%    failed      0.00%
 497  WP_197557861.1      94.36%    failed      0.00%
 498  WP_223286746.1      97.01%    failed      2.62%
 499  WP_162143450.1      95.13%    failed      0.00%
 500  WP_077932023.1      92.77%    failed      0.00%
 501  WP_060555514.1      91.22%    failed      0.00%
 502  WP_173049925.1      93.10%    failed      0.00%
 503  WP_210145694.1      90.87%    failed      0.00%
 504  WP_165352199.1      96.06%    failed      0.10%
 505  WP_081512903.1      95.07%    failed      0.00%
 506  WP_009417448.1      93.43%    failed      0.00%
 507  WP_198609582.1      93.06%    failed      0.00%
 508  WP_013461404.1      94.90%    failed      0.01%
 509  WP_103301265.1      95.38%    failed      0.00%
 510  WP_217007972.1      93.60%    failed      0.15%
 511  WP_232104819.1      96.32%    passed     22.60%
 512  WP_004745287.1      93.47%    failed      0.00%
 513  WP_062916935.1      96.43%    failed      1.67%
 514  WP_012754045.1      92.96%    failed      0.00%
 515  WP_046543867.1      92.26%    failed      0.00%
 516  WP_012477697.1      89.66%    failed      0.00%
 517  WP_226776853.1      95.64%    failed      0.06%
 518  WP_104935316.1      96.82%    passed     16.39%
 519  WP_118992337.1      96.72%    failed      0.04%
 520  WP_136503964.1      97.61%    passed     38.93%
 521  WP_012669473.1      97.07%    failed      0.51%
 522  WP_155069038.1      93.10%    failed      0.00%
 523  WP_225550507.1      96.82%    failed      4.85%
 524  WP_068684736.1      91.43%    failed      0.00%
 525  WP_080723627.1      90.85%    failed      0.00%
 526  WP_165001363.1      94.57%    failed      0.00%
 527  WP_137118866.1      93.47%    failed      0.00%
 528  WP_176702979.1      93.15%    failed      0.00%
 529  WP_016241547.1      92.79%    failed      0.00%
 530  WP_071971260.1      93.12%    failed      0.00%
 531  WP_217847058.1      93.50%    failed      0.00%
 532  WP_172848608.1      97.36%    failed      0.25%
 533  WP_136764709.1      95.99%    failed      2.47%
 534  WP_219164996.1      90.01%    failed      0.00%
 535  WP_228745912.1      95.50%    failed      0.11%
 536  WP_232061381.1      98.24%    passed     16.44%
 537  WP_167751053.1      96.24%    failed      0.00%
 538  WP_228720450.1      96.96%    passed      9.34%
 539  WP_089418227.1      90.03%    failed      0.00%
 540  WP_041930350.1      91.89%    failed      0.00%
 541  WP_228292681.1      97.09%    passed     30.49%
 542  WP_071971299.1      90.09%    failed      0.03%
 543  WP_131332051.1      90.75%    failed      0.00%
 544  WP_041390412.1      90.21%    failed      0.00%
 545  WP_231131072.1      97.87%    passed      5.72%
 546  WP_226776851.1      96.82%    failed      2.01%
 547  WP_221173826.1      91.95%    failed      0.00%
 548  WP_143208803.1      97.30%    passed      8.24%
 549  WP_224435175.1      97.61%    passed     65.49%
 550  WP_232751561.1      98.14%    passed      5.04%
 551  WP_165352198.1      97.75%    passed     49.15%
 552  WP_058229316.1      95.21%    failed      0.00%
 553  WP_177335359.1      90.56%    failed      0.00%
 554  WP_169605359.1      96.43%    failed      2.52%
 555  WP_109728941.1      93.45%    failed      0.00%
 556  WP_215771240.1      96.78%    passed      6.59%
 557  WP_002320779.1      92.11%    failed      0.00%
 558  WP_215597711.1      91.99%    failed      0.00%
 559  WP_232089839.1      96.22%    failed      0.33%
 560  WP_071660664.1      93.37%    failed      0.00%
 561  WP_197487291.1      93.66%    failed      0.00%
 562  WP_146048190.1      95.13%    failed      0.78%
 563  WP_133271034.1      92.40%    failed      0.00%
 564  WP_067010177.1      91.86%    failed      0.00%
 565  WP_015063309.1      94.32%    failed      0.00%
 566  WP_185270003.1      93.64%    failed      0.01%
 567  WP_198021121.1      94.71%    failed      0.00%
 568  WP_179975978.1      93.15%    failed      0.00%
 569  WP_078378003.1      91.29%    failed      0.00%
 570  WP_201537980.1      95.25%    failed      0.87%
 571  WP_229509212.1      93.99%    failed      0.02%
 572  WP_002305239.1      95.25%    failed      0.00%
 573  WP_032071909.1      93.68%    failed      0.00%
 574  WP_041570428.1      93.21%    failed      0.00%
 575  WP_009502315.1      91.43%    failed      0.00%
 576  WP_143228719.1      96.76%    failed      1.02%
 577  WP_065989303.1      91.16%    failed      0.00%
 578  WP_013619565.1      92.73%    failed      0.01%
 579  WP_131332049.1      93.06%    failed      0.00%
 580  WP_000095317.1      94.53%    failed      0.83%
 581  WP_046338156.1      93.50%    failed      0.00%
 582  WP_011199178.1      92.83%    failed      0.00%
 583  WP_015056973.1      92.86%    failed      0.01%
 584  WP_006122489.1      94.71%    failed      0.00%
 585  WP_062334981.1      91.16%    failed      0.00%
 586  WP_155802336.1      92.19%    failed      0.00%
 587  WP_174660622.1      95.60%    failed      1.07%
 588  WP_146366105.1      91.80%    failed      0.00%
 589  WP_232563412.1      90.09%    failed      0.00%
 590  WP_137569202.1      93.66%    failed      0.02%
 591  WP_216969497.1      91.18%    failed      0.00%
 592  WP_100270948.1      90.32%    failed      0.00%
 593  WP_052726814.1      90.83%    failed      0.00%
 594  WP_163146689.1      94.34%    failed      0.01%
 595  WP_080947439.1      92.94%    failed      0.05%
 596  WP_207249138.1      91.78%    failed      0.00%
 597  WP_146113122.1      94.57%    failed      0.00%
 598  WP_148258318.1      92.61%    failed      0.01%
 599  WP_072075519.1      97.15%    passed     13.72%
 600  WP_124226747.1      96.80%    failed      0.00%
 601  WP_232052685.1      94.84%    failed      0.00%
 602  WP_228262387.1      94.12%    failed      0.00%
 603  WP_050427389.1      94.42%    failed      0.01%
 604  WP_211491136.1      91.00%    failed      0.00%
 605  WP_006849276.1      91.84%    failed      0.01%
 606  WP_001423348.1      94.73%    failed      0.00%
 607  WP_225368099.1      96.45%    failed      0.37%
 608  WP_127471921.1      92.09%    failed      0.00%
 609  WP_190263475.1      94.61%    failed      0.00%
 610  WP_007747439.1      94.57%    failed      0.00%
 611  WP_023893607.1      90.96%    failed      0.00%
 612  WP_058914776.1      94.59%    failed      0.00%
 613  WP_015460618.1      94.12%    failed      0.05%
 614  WP_052538016.1      92.53%    failed      0.00%
 615  WP_172812053.1      91.29%    failed      0.00%
 616  WP_221272692.1      89.45%    failed      0.00%
 617  WP_167841700.1      95.95%    failed      0.48%
 618  WP_221281277.1      84.29%    failed      0.00%
 619  WP_105062739.1      93.19%    failed      0.97%
 620  WP_191603773.1      89.61%    failed      0.00%
 621  WP_053003322.1      93.12%    failed      0.00%
 622  WP_158386838.1      89.39%    failed      0.00%
 623  WP_097464514.1      94.65%    failed      0.07%
 624  WP_013283152.1      94.90%    failed      0.00%
 625  WP_202036534.1      97.71%    passed     11.90%
 626  WP_139615584.1      94.75%    failed      0.00%
 627  WP_117339768.1      94.55%    failed      0.00%
 628  WP_093980786.1      93.41%    failed      0.03%
 629  WP_046201237.1      93.85%    failed      0.07%
 630  WP_010722025.1      94.07%    failed      0.10%
 631  WP_014845020.1      92.38%    failed      0.00%
 632  WP_112234122.1      97.44%    passed     15.08%
 633  WP_016257049.1      93.89%    failed      0.01%
 634  WP_194596492.1      92.05%    failed      0.00%
 635  WP_155692174.1      91.39%    failed      0.00%
 636  WP_013283015.1      91.97%    failed      0.00%
 637  WP_221281335.1      89.51%    failed      0.00%
 638  WP_066564876.1      93.35%    failed      0.00%
 639  WP_221272677.1      87.53%    failed      0.00%
 640  WP_158306699.1      88.44%    failed      0.00%
 641  WP_095423784.1      91.37%    failed      0.00%
 642  WP_217846988.1      94.80%    failed      0.00%
 643  WP_219777197.1      92.96%    failed      0.00%
 644  WP_066046878.1      90.89%    failed      0.00%
 645  WP_185284688.1      92.63%    failed      0.03%
 646  WP_045725973.1      89.02%    failed      0.00%
 647  WP_008675757.1      93.35%    failed      3.33%
 648  WP_201081768.1      90.87%    failed      0.00%
 649  WP_004896711.1      91.33%    failed      0.00%
 650  WP_213234659.1      90.36%    failed      0.06%
 651  WP_013954485.1      91.18%    failed      0.00%
 652  WP_100922682.1      91.16%    failed      0.00%
 653  WP_221272639.1      86.41%    failed      0.00%
 654  WP_071177705.1      92.28%    failed      0.00%
 655  WP_162086459.1      94.32%    failed      0.09%
 656  WP_062471944.1      94.43%    failed      0.00%
 657  WP_107857025.1      93.43%    failed      0.00%
 658  WP_054397079.1      93.95%    failed      0.08%
 659  WP_211619392.1      93.83%    failed      0.00%
 660  WP_204154923.1      92.86%    failed      0.01%
 661  WP_014431005.1      92.07%    failed      0.00%
 662  WP_011733897.1      92.26%    failed      0.00%
 663  WP_176703103.1      92.92%    failed      0.00%
 664  WP_080966064.1      95.04%    failed      0.00%
 665  WP_065928852.1      93.91%    failed      0.05%
 666  WP_086298646.1      93.08%    failed      0.00%
 667  WP_012565011.1      93.70%    failed      0.00%
 668  WP_007057763.1      94.20%    failed      0.00%
 669  WP_001764088.1      96.06%    failed      3.40%
 670  WP_026745113.1      93.06%    failed      0.00%
 671  WP_084197567.1      96.53%    failed      0.13%
 672  WP_003710967.1      90.79%    failed      0.00%
 673  WP_181405405.1      94.61%    failed      3.34%
 674  WP_164857726.1      96.57%    failed      0.12%
 675  WP_219499366.1      94.51%    failed      0.01%
 676  WP_008181535.1      93.56%    failed      0.00%
 677  WP_159373554.1      93.43%    failed      0.00%
 678  WP_032530138.1      93.68%    failed      0.00%
 679  WP_181716319.1      92.48%    failed      0.01%
 680  WP_022756086.1      92.03%    failed      0.00%
 681  WP_204154947.1      91.06%    failed      0.00%
 682  WP_040113854.1      92.42%    failed      0.00%
 683  WP_107623857.1      93.68%    failed      0.00%
 684  WP_183675521.1      95.00%    failed      0.32%
 685  WP_012675159.1      89.99%    failed      0.00%
 686  WP_016361533.1      90.25%    failed      0.00%
 687  WP_211619388.1      93.29%    failed      0.00%
 688  WP_114070561.1      94.92%    failed      0.01%
 689  WP_021721664.1      94.26%    failed      0.32%
 690  WP_161545290.1      93.41%    failed      0.00%
 691  WP_014426053.1      92.09%    failed      0.00%
 692  WP_185167523.1      90.30%    failed      0.00%
 693  WP_068912620.1      93.39%    failed      0.00%
 694  WP_114070676.1      90.60%    failed      0.00%
 695  WP_150887639.1      92.48%    failed      0.00%
 696  WP_039222672.1      92.86%    failed      0.00%
 697  WP_023237122.1      94.22%    failed      0.00%
 698  WP_001031297.1      93.87%    failed      0.00%
 699  WP_111960739.1      93.93%    failed      0.16%
 700  WP_003708835.1      92.50%    failed      0.00%
 701  WP_144077374.1      92.67%    failed      0.00%
 702  WP_010925614.1      93.27%    failed      0.16%
 703  WP_172442040.1      95.17%    failed      0.54%
 704  WP_088370729.1      93.52%    failed      0.00%
 705  WP_038197291.1      92.71%    failed      0.00%
 706  WP_024774260.1      90.25%    failed      0.00%
 707  WP_084785923.1      92.90%    failed      0.04%
 708  WP_041533022.1      91.68%    failed      0.00%
 709  WP_223610882.1      95.23%    failed      0.71%
 710  WP_167564503.1      92.84%    failed      0.00%
 711  WP_224061672.1      93.89%    failed      0.00%
 712  WP_107291794.1      93.12%    failed      0.78%
 713  WP_021371622.1      92.53%    failed      0.00%
 714  WP_021434360.1      92.86%    failed      0.00%
 715  WP_226280835.1      97.50%    failed      0.71%
 716  WP_188320255.1      93.45%    failed      0.00%
 717  WP_229509207.1      93.72%    failed      0.00%
 718  WP_045282358.1      94.18%    failed      0.00%
 719  WP_076033619.1      92.40%    failed      0.00%
 720  WP_232484070.1      96.34%    failed      0.27%
 721  WP_034411813.1      93.06%    failed      0.00%
 722  WP_084229776.1      92.52%    failed      0.00%
 723  WP_069325207.1      95.31%    failed      0.44%
 724  WP_021722481.1      94.94%    failed      0.01%
 725  WP_074390510.1      94.86%    failed      0.05%
 726  WP_072657327.1      96.35%    passed     12.19%
 727  WP_196375763.1      93.58%    failed      0.00%
 728  WP_228733358.1      94.40%    failed      0.13%
 729  WP_197945449.1      88.29%    failed      0.00%
 730  WP_181718483.1      91.93%    failed      0.06%
 731  WP_187734580.1      93.66%    failed      0.20%
 732  WP_221272663.1      90.56%    failed      0.00%
 733  WP_005375243.1      91.49%    failed      0.00%
 734  WP_061947059.1      91.82%    failed      0.00%
 735  WP_006734638.1      90.52%    failed      0.00%
 736  WP_206711444.1      93.25%    failed      0.03%
 737  WP_173247943.1      94.32%    failed      0.00%
 738  WP_011906524.1      94.45%    failed      0.06%
 739  WP_167884687.1      91.60%    failed      0.00%
 740  WP_094138986.1      93.62%    failed      2.20%
 741  WP_066216991.1      92.59%    failed      0.00%
 742  WP_061276985.1      93.47%    failed      0.00%
 743  WP_096700006.1      95.44%    failed      0.28%
 744  WP_046325788.1      90.91%    failed      0.00%
 745  WP_162096688.1      91.47%    failed      0.00%
 746  WP_158660210.1      93.10%    failed      0.00%
 747  WP_101189112.1      93.43%    failed      0.01%
 748  WP_086903435.1      93.12%    failed      0.11%
 749  WP_120175572.1      93.45%    failed      0.01%
 750  WP_201542330.1      91.91%    failed      0.69%
 751  WP_201530345.1      92.38%    failed      0.04%
 752  WP_017929897.1      91.27%    failed      0.00%
 753  WP_005648610.1      93.29%    passed     23.36%
 754  WP_025789780.1      96.22%    passed     21.79%
 755  WP_224299678.1      98.72%    passed      8.44%
 756  WP_172692247.1      93.87%    failed      0.00%
 757  WP_176703067.1      98.49%    passed      5.76%
 758  WP_023842326.1      90.46%    failed      0.00%
 759  WP_039832877.1      92.65%    failed      0.00%
 760  WP_167876791.1      97.98%    passed     19.75%
 761  WP_173118773.1      94.88%    failed      0.01%
 762  WP_167876738.1      98.10%    passed     11.93%
 763  WP_086048357.1      91.10%    failed      0.02%
 764  WP_147697228.1      99.20%    passed     36.65%
 765  WP_230971748.1      92.88%    failed      0.00%
 766  WP_013008885.1      88.29%    failed      0.00%
 767  WP_068657057.1      92.46%    failed      0.01%
 768  WP_076357553.1      96.43%    failed      0.00%
 769  WP_074294943.1      94.01%    passed      8.50%
 770  WP_176633036.1      93.95%    failed      0.00%
 771  WP_014095399.1      94.55%    failed      0.00%
 772  WP_123118600.1      92.67%    failed      0.00%
 773  OLWR01000473.1_27   94.80%    failed      0.00%
 774  OLPA01007958.1_4    95.23%    failed      0.10%
 775  OJOV01004142.1_5    92.90%    failed      0.01%
 776  OLDA01001802.1_2    93.58%    failed      0.00%
 777  OHXY01001530.1_2    94.03%    failed      0.06%
 778  PPYF01422202.1_8    93.58%    failed      0.00%
 779  OHUK01001307.1_5    93.81%    failed      0.20%
 780  OKBX01000028.1_3    93.41%    failed      0.08%
 781  OBAA01002566.1_2    95.04%    failed      0.02%
 782  OOCW01009273.1_3    93.54%    failed      0.01%
 783  OIWK01010208.1_1    95.04%    failed      0.16%
 784  OOCY01003627.1_3    93.21%    failed      1.44%
 785  OGRU01006107.1_2    93.85%    failed      0.01%
 786  OLJW01011905.1_3    93.29%    failed      0.03%
 787  PPYE01599322.1_1    93.41%    failed      0.06%
 788  OLSK01002927.1_11   94.82%    failed      0.95%
 789  WP_005825872.1      93.78%    failed      0.08%
 790  WP_031942516.1      93.43%    failed      0.00%
 791  WP_012979617.1      94.55%    failed      0.00%
 792  WP_224022331.1      95.54%    failed      0.00%
 793  WP_012961253.1      92.28%    failed      0.00%
 794  WP_015617852.1      93.14%    failed      0.00%
 795  WP_091014093.1      94.57%    failed      0.00%
 796  WP_024766578.1      94.55%    failed      2.12%
 797  WP_216293152.1      94.75%    failed      0.00%
 798  WP_171510402.1      92.17%    failed      0.00%
 799  WP_096527824.1      94.76%    failed      0.00%
 800  WP_031942569.1      95.17%    failed      0.11%
 801  WP_019406693.1      94.65%    failed      3.84%
 802  WP_176704537.1      95.19%    failed      0.01%
 803  WP_011117138.1      92.53%    failed      0.00%
 804  WP_119851437.1      91.97%    failed      0.00%
 805  WP_072060514.1      91.39%    failed      0.00%
 806  WP_181365794.1      94.30%    failed      0.14%
 807  WP_206338688.1      95.48%    passed     12.38%
 808  WP_060996129.1      93.48%    failed      0.00%
 809  WP_043735905.1      92.52%    failed      0.00%
 810  WP_152390106.1      94.24%    failed      0.00%
 811  WP_060995465.1      93.91%    failed      0.00%
 812  WP_012345013.1      92.44%    failed      0.00%
 813  WP_198469936.1      94.40%    failed      0.09%
 814  WP_210220948.1      92.83%    failed      0.00%
 815  WP_061416351.1      91.18%    failed      0.00%
 816  WP_147480842.1      93.54%    failed      0.01%
 817  WP_216293151.1      94.28%    failed      0.09%
 818  WP_127900046.1      95.06%    failed      1.20%
 819  WP_206604113.1      93.31%    failed      0.00%
 820  WP_011178603.1      94.49%    failed      0.00%
 821  WP_015695522.1      91.16%    failed      0.00%
 822  WP_160758503.1      93.17%    failed      0.00%
 823  WP_102076191.1      93.62%    passed      6.11%
 824  WP_080487033.1      95.60%    failed      0.00%
 825  WP_049756376.1      93.48%    failed      0.09%
 826  WP_109840887.1      94.45%    failed      0.00%
 827  WP_024138661.1      95.27%    passed     59.76%
 828  WP_014017387.1      92.53%    failed      0.00%
 829  WP_023171216.1      95.35%    failed      0.00%
 830  WP_065772470.1      94.82%    failed      0.07%
 831  WP_232563569.1      93.99%    failed      0.34%
 832  WP_065813891.1      92.77%    failed      0.00%
 833  WP_157894349.1      93.54%    failed      0.00%
 834  WP_229599620.1      95.99%    passed      8.04%
 835  WP_004276584.1      92.83%    failed      0.00%
 836  WP_226857232.1      93.83%    failed      0.00%
 837  WP_000818857.1      92.77%    failed      0.00%
 838  WP_224200019.1      94.40%    failed      0.00%
 839  WP_141679886.1      95.60%    failed      0.00%
 840  WP_003569455.1      95.23%    failed      0.22%
 841  WP_227277023.1      94.47%    failed      0.00%
 842  WP_164854024.1      95.33%    failed      0.52%
 843  WP_228721899.1      93.78%    failed      0.58%
 844  WP_004282236.1      93.93%    failed      0.22%
 845  WP_111818450.1      92.13%    failed      0.00%
 846  WP_157668941.1      96.61%    failed      3.20%
 847  WP_015497606.1      91.18%    failed      0.00%
 848  WP_109376080.1      93.27%    failed      0.58%
 849  WP_068840305.1      93.04%    failed      0.00%
 850  WP_080882040.1      91.82%    failed      0.00%
 851  WP_213936129.1      97.58%    failed      1.04%
 852  WP_085663085.1      91.86%    failed      0.00%
 853  WP_102114548.1      91.35%    failed      0.00%
 854  WP_015056757.1      93.43%    failed      0.03%
 855  WP_223855346.1      94.71%    failed      0.28%
 856  WP_172986732.1      93.64%    failed      0.01%
 857  WP_040116839.1      91.80%    failed      0.00%
 858  WP_044000261.1      93.99%    failed      0.00%
 859  WP_221067474.1      95.31%    failed      0.00%
 860  WP_162645636.1      92.09%    failed      0.00%
 861  WP_225741604.1      93.85%    failed      0.82%
 862  WP_200271381.1      95.60%    failed      0.00%
 863  WP_136550795.1      94.28%    failed      0.05%
 864  WP_101035900.1      95.09%    failed      0.00%
 865  WP_176305195.1      96.20%    failed      0.00%
 866  WP_012779619.1      94.75%    failed      0.01%
 867  WP_122934654.1      91.16%    failed      0.00%
 868  WP_041917167.1      91.64%    failed      0.00%
 869  WP_171431295.1      93.83%    failed      0.06%
 870  WP_210220916.1      94.01%    failed      0.53%
 871  WP_058920341.1      95.07%    failed      0.00%
 872  WP_119843120.1      94.03%    failed      0.00%
 873  WP_144227868.1      91.95%    failed      0.00%
 874  WP_024176825.1      93.47%    failed      0.00%
 875  WP_008783729.1      94.12%    failed      0.00%
 876  WP_023278692.1      93.74%    failed      0.00%
 877  WP_159373655.1      93.58%    failed      0.00%
 878  WP_231780369.1      94.90%    failed      0.01%
 879  WP_169705275.1      93.66%    failed      0.25%
 880  WP_010890859.1      93.48%    failed      0.00%
 881  WP_015087704.1      89.43%    failed      0.00%
 882  ONZZ01005210.1_5    93.02%    failed      0.01%
 883  OLPA01007958.1_2    94.69%    failed      0.00%
 884  OINS01000896.1_1    92.22%    failed      0.00%
 885  OHEU01004433.1_2    93.29%    failed      0.00%
 886  OFRZ01003447.1_7    93.00%    failed      0.36%
 887  OHPO01001964.1_4    93.50%    passed      5.94%
 888  OFRZ01003447.1_4    93.02%    failed      0.01%
 889  OHEJ01002310.1_5    93.14%    failed      0.00%
 890  OMBM01001873.1_7    93.50%    passed     12.38%
 891  OHSF01004425.1_2    94.84%    failed      0.40%
 892  OKHY01000740.1_1    95.68%    failed      0.01%
 893  OHXQ01000168.1_2    94.92%    failed      0.62%
 894  OGZI01000877.1_12   92.32%    failed      0.00%
 895  OJNO01000078.1_62   90.38%    failed      0.00%
 896  OKHY01000740.1_15   97.69%    passed     24.54%
 897  WP_157894754.1      92.94%    failed      0.00%
 898  WP_181727806.1      92.52%    failed      0.02%
 899  WP_168402650.1      94.16%    failed      0.01%
 900  WP_207530477.1      92.67%    failed      0.00%
 901  WP_046861478.1      95.38%    failed      0.45%
 902  WP_196215539.1      93.14%    failed      0.00%
 903  WP_176705037.1      94.88%    failed      0.15%
 904  WP_034051509.1      94.42%    failed      0.00%
 905  WP_215601518.1      92.61%    failed      0.00%
 906  WP_158327746.1      91.80%    failed      0.00%
 907  WP_124743153.1      94.42%    failed      0.00%
 908  WP_162892361.1      93.47%    failed      0.00%
 909  WP_215900126.1      93.70%    failed      0.00%
 910  WP_173032049.1      93.62%    failed      0.00%
 911  WP_011017206.1      94.53%    failed      0.03%
 912  WP_119177401.1      94.96%    failed      2.48%
 913  WP_162863072.1      93.78%    failed      0.00%
 914  WP_043859033.1      91.27%    failed      0.00%
 915  WP_181718433.1      93.27%    failed      1.52%
 916  WP_201542111.1      94.05%    failed      0.01%
 917  WP_013931298.1      91.20%    failed      0.00%
 918  WP_232564150.1      94.03%    failed      0.03%
 919  WP_119446561.1      93.93%    failed      0.11%
 920  WP_181716612.1      93.25%    failed      0.00%
 921  WP_187648742.1      93.41%    failed      0.00%
 922  WP_181716339.1      94.05%    failed      0.01%
 923  WP_004777687.1      94.05%    failed      1.22%
 924  WP_202968034.1      94.84%    failed      0.00%
 925  WP_002874124.1      93.35%    failed      0.00%
 926  WP_179956270.1      91.45%    failed      0.00%
 927  WP_064971189.1      94.01%    failed      0.00%
 928  WP_104644231.1      93.79%    failed      0.00%
 929  WP_147781000.1      89.49%    failed      0.00%
 930  WP_095424013.1      94.78%    failed      0.53%
 931  WP_192044799.1      92.11%    failed      0.00%
 932  WP_232052856.1      93.14%    failed      0.00%
 933  WP_012657560.1      94.16%    failed      0.00%
 934  WP_169553566.1      91.93%    failed      0.00%
 935  WP_016366202.1      94.51%    failed      0.51%
 936  WP_163587964.1      92.63%    failed      0.00%
 937  WP_181717138.1      93.97%    failed      0.06%
 938  WP_015059867.1      95.52%    passed     11.97%
 939  WP_089555817.1      94.11%    failed      0.20%
 940  WP_068913058.1      93.72%    failed      0.00%
 941  WP_158083951.1      93.48%    failed      0.01%
 942  WP_173118970.1      92.50%    failed      0.00%
 943  WP_119797864.1      95.27%    failed      0.00%
 944  WP_163836644.1      93.04%    failed      0.01%
 945  WP_179956271.1      90.67%    failed      0.00%
 946  WP_227669152.1      95.31%    failed      0.70%
 947  WP_181716103.1      93.21%    failed      0.00%
 948  WP_044599645.1      93.19%    failed      0.00%
 949  WP_014660174.1      92.20%    failed      0.00%
 950  WP_012289815.1      94.34%    failed      0.00%
 951  WP_062471957.1      94.26%    failed      0.00%
 952  WP_181718313.1      95.44%    failed      0.01%
 953  WP_232563281.1      91.08%    failed      0.00%
 954  WP_146965047.1      94.03%    failed      0.00%
 955  WP_009894410.1      92.34%    failed      0.00%
 956  WP_013283132.1      92.40%    failed      0.00%
 957  WP_011950378.1      88.06%    failed      0.00%
 958  WP_014431021.1      91.16%    failed      0.00%
 959  WP_066110957.1      93.62%    failed      0.21%
 960  WP_059399787.1      93.43%    failed      0.00%
 961  WP_223285026.1      94.47%    failed      0.07%
 962  WP_050878417.1      94.65%    failed      0.00%
 963  WP_232564073.1      93.06%    failed      0.34%
 964  WP_013282592.1      92.32%    failed      0.00%
 965  WP_168784080.1      94.42%    failed      0.00%
 966  WP_077228982.1      89.43%    failed      0.00%
 967  WP_047867039.1      92.69%    failed      0.00%
 968  WP_227276971.1      92.19%    failed      0.00%
 969  WP_160243714.1      93.54%    failed      0.00%
 970  WP_196371991.1      94.73%    failed      0.00%
 971  WP_013447326.1      93.17%    failed      0.01%
 972  WP_233093539.1      93.87%    failed      0.00%
 973  WP_012817730.1      93.68%    failed      0.01%
 974  WP_174660727.1      93.45%    failed      0.02%
 975  WP_167680283.1      92.55%    failed      0.00%
 976  WP_163052724.1      94.49%    failed      0.01%
 977  WP_014430888.1      91.12%    failed      0.00%
 978  WP_041930351.1      91.70%    failed      0.00%
 979  WP_012443200.1      94.42%    failed      0.56%
 980  WP_012777671.1      91.43%    failed      0.00%
 981  WP_015256683.1      92.90%    failed      0.01%
 982  WP_164851640.1      96.39%    failed      0.03%
 983  WP_026824073.1      94.16%    failed      0.00%
 984  WP_059755196.1      91.95%    failed      0.00%
 985  WP_034017938.1      91.43%    failed      0.00%
 986  WP_216972120.1      97.03%    passed      7.14%
 987  WP_049694987.1      97.36%    passed      7.39%
 988  WP_100270928.1      90.92%    failed      0.00%
 989  WP_062237060.1      92.79%    failed      0.00%
 990  WP_052345937.1      97.79%    passed      5.16%
 991  WP_002892510.1      90.56%    failed      0.00%
 992  WP_001507290.1      98.06%    passed     19.76%
 993  WP_052219406.1      94.38%    failed      0.38%
 994  WP_041377775.1      91.55%    failed      0.00%
 995  WP_228719725.1      95.64%    failed      0.00%
 996  WP_050437141.1      98.60%    passed     27.52%
 997  WP_135708771.1      98.24%    passed     27.99%
 998  WP_014386486.1      92.73%    failed      0.14%
 999  WP_166485944.1      90.36%    failed      0.00%
1000  WP_192962898.1      95.40%    passed     31.05%
1001  WP_215771239.1      98.76%    passed     15.14%
1002  WP_228719457.1      98.60%    passed     24.49%
1003  WP_167590137.1      91.16%    failed      0.00%
1004  WP_152091272.1      90.60%    failed      0.00%
1005  WP_086929030.1      89.99%    failed      0.00%
1006  WP_181553308.1      93.95%    failed      0.00%
1007  WP_080947438.1      91.39%    failed      0.00%
1008  WP_008786567.1      94.42%    failed      0.02%
1009  WP_232564148.1      95.97%    failed      3.92%
1010  WP_158500949.1      94.53%    failed      0.00%
1011  WP_162274852.1      91.33%    failed      0.00%
1012  WP_001734549.1      98.80%    passed     20.39%
1013  WP_013449844.1      85.57%    failed      0.00%
1014  WP_111070873.1      89.41%    failed      0.00%
1015  WP_079466092.1      93.45%    failed      0.09%
1016  WP_187398110.1      98.33%    passed      6.76%
1017  WP_051984861.1      96.84%    failed      0.73%
1018  WP_233093538.1      97.94%    failed      0.28%
1019  WP_082027494.1      93.83%    failed      0.00%
1020  WP_018450735.1      98.99%    passed     15.07%
1021  WP_117695614.1      91.64%    failed      0.02%
1022  WP_095423114.1      90.19%    failed      0.00%
1023  WP_139837621.1      98.76%    passed      9.30%
1024  WP_013481200.1      92.22%    failed      0.00%
1025  WP_225312363.1      98.57%    passed      9.57%
1026  WP_176031199.1      92.77%    failed      0.00%
1027  WP_183148371.1      93.78%    failed      0.09%
1028  WP_136751519.1      97.60%    failed      1.47%
1029  WP_065480806.1      94.36%    failed      0.18%
1030  WP_047230625.1      99.03%    passed     21.33%
1031  WP_162051028.1      95.29%    failed      0.33%
1032  WP_013006632.1      92.83%    failed      0.00%
1033  WP_002367806.1      98.97%    passed     26.81%
1034  WP_011655540.1      93.52%    failed      3.45%
1035  WP_162924830.1      90.75%    failed      0.00%
1036  WP_164851642.1      98.88%    passed     55.40%
1037  WP_017502448.1      94.22%    failed      0.00%
1038  WP_024130064.1      93.68%    failed      0.11%
1039  WP_062069053.1      94.32%    failed      0.48%
1040  WP_166180863.1      90.63%    failed      0.00%
1041  WP_063284115.1      97.85%    passed     21.05%
1042  WP_014426023.1      95.52%    failed      0.61%
1043  WP_183153103.1      95.93%    failed      0.87%
1044  WP_148698897.1      94.18%    failed      0.50%
1045  WP_217082358.1      98.49%    passed     31.25%
1046  WP_205288601.1      97.09%    failed      2.17%
1047  WP_207577573.1      93.85%    failed      0.00%
1048  WP_162590647.1      90.81%    failed      0.00%
1049  WP_085787594.1      93.37%    passed     21.04%
1050  WP_086069316.1      92.96%    failed      0.00%
1051  WP_196082888.1      95.23%    failed      0.47%
1052  WP_171778921.1      92.28%    failed      0.00%
1053  WP_201640258.1      93.93%    failed      0.07%
1054  WP_014462095.1      91.04%    failed      0.00%
1055  WP_119065088.1      94.51%    failed      0.03%
1056  WP_141639398.1      96.37%    passed      7.20%
1057  WP_169611267.1      93.25%    failed      0.00%
1058  WP_011711564.1      92.50%    failed      0.01%
1059  WP_228015052.1      96.37%    passed      6.14%
1060  WP_151702164.1      93.60%    failed      0.00%
1061  WP_051532102.1      89.68%    failed      0.01%
1062  WP_011345768.1      91.55%    failed      0.00%
1063  WP_232525649.1      96.12%    failed      0.05%
1064  WP_162571620.1      90.91%    failed      0.00%
1065  WP_077161657.1      90.25%    failed      0.00%
1066  WP_202289949.1      93.48%    failed      0.00%
1067  WP_181716392.1      94.36%    failed      0.07%
1068  WP_223820615.1      96.34%    failed      2.23%
1069  WP_137925355.1      91.37%    failed      0.00%
1070  WP_016338400.1      93.41%    failed      0.00%
1071  WP_118121311.1      93.10%    failed      0.29%
1072  WP_007090993.1      94.05%    failed      0.02%
1073  WP_101991692.1      96.26%    failed      1.89%
1074  WP_087019112.1      92.59%    failed      0.03%
1075  WP_228129503.1      96.84%    failed      0.02%
1076  WP_011798371.1      90.87%    failed      0.00%
1077  WP_139962607.1      90.96%    failed      0.00%
1078  WP_108548735.1      91.00%    failed      0.00%
1079  WP_228719209.1      96.49%    failed      3.78%
1080  WP_155833132.1      93.62%    failed      0.00%
1081  WP_174906128.1      97.38%    passed     11.40%
1082  WP_164853352.1      97.27%    passed     14.24%
1083  WP_226776850.1      96.63%    passed      7.30%
1084  WP_012863572.1      95.99%    failed      0.00%
1085  WP_225550508.1      96.51%    passed     25.59%
1086  WP_080587418.1      97.07%    passed     16.51%
1087  WP_063515061.1      90.94%    failed      0.00%
1088  WP_014043447.1      93.52%    failed      0.00%
1089  WP_031847586.1      94.38%    failed      0.01%
1090  WP_067663483.1      92.69%    failed      0.00%
1091  WP_231780138.1      94.38%    failed      1.32%
1092  WP_192963020.1      94.09%    failed      0.00%
1093  WP_083287468.1      91.51%    failed      0.01%
1094  WP_104935315.1      98.35%    passed     13.98%
1095  WP_112958282.1      90.94%    failed      0.00%
1096  WP_012774841.1      95.07%    failed      0.27%
1097  WP_066216924.1      91.53%    failed      0.00%
1098  WP_062175054.1      91.37%    failed      0.00%
1099  WP_181371360.1      95.46%    failed      1.36%
1100  WP_232077731.1      91.08%    failed      0.00%
1101  WP_137464306.1      96.82%    passed      9.66%
1102  WP_032071920.1      94.22%    failed      0.00%
1103  WP_135679066.1      96.68%    failed      0.90%
1104  WP_063280552.1      94.96%    failed      0.00%
1105  WP_015063192.1      93.50%    failed      0.00%
1106  WP_039558973.1      90.73%    failed      0.00%
1107  WP_192957058.1      95.23%    failed      0.00%
1108  WP_124228941.1      92.30%    failed      0.00%
1109  WP_149501969.1      90.32%    failed      0.00%
1110  WP_082669152.1      90.60%    failed      0.07%
1111  WP_011039606.1      94.42%    failed      0.01%
1112  WP_063280801.1      94.65%    failed      0.00%
1113  WP_221073222.1      92.92%    failed      0.01%
1114  WP_188115291.1      94.42%    failed      0.02%
1115  WP_198571767.1      94.84%    failed      0.24%
1116  WP_046360150.1      94.28%    failed      0.00%
1117  WP_149036784.1      97.60%    failed      0.02%
1118  WP_012669474.1      96.96%    failed      0.00%
1119  WP_086368579.1      95.66%    failed      0.01%
1120  WP_169113120.1      95.29%    failed      1.59%
1121  WP_164853351.1      96.49%    failed      0.00%
1122  WP_091020233.1      90.98%    failed      0.00%
1123  WP_167876756.1      95.37%    failed      0.00%
1124  WP_181375608.1      91.47%    failed      0.00%
1125  WP_125917984.1      92.84%    failed      0.00%
1126  WP_137022569.1      94.45%    failed      0.25%
1127  WP_224223557.1      97.83%    passed     24.67%
1128  WP_098799023.1      91.56%    failed      0.00%
1129  WP_211483636.1      94.16%    failed      0.00%
1130  WP_076033796.1      93.95%    passed      5.24%
1131  WP_012514680.1      91.68%    failed      0.00%
1132  WP_052635813.1      93.41%    failed      0.00%
1133  WP_181717813.1      92.75%    failed      0.00%
1134  WP_010117601.1      93.89%    failed      0.00%
1135  WP_181717444.1      93.64%    failed      0.15%
1136  WP_060875711.1      93.93%    failed      0.01%
1137  WP_005108939.1      93.89%    failed      0.00%
1138  WP_013747288.1      93.60%    failed      0.00%
1139  WP_051010733.1      93.74%    failed      0.00%
1140  WP_182078410.1      92.86%    failed      0.01%
1141  WP_153986288.1      94.61%    failed      0.01%
1142  WP_225667035.1      92.75%    failed      0.00%
1143  WP_210217470.1      93.87%    failed      0.89%
1144  WP_142960043.1      95.21%    failed      0.04%
1145  WP_207249066.1      92.73%    failed      0.00%
1146  WP_201530375.1      93.48%    failed      0.00%
1147  WP_065994750.1      94.14%    failed      0.01%
1148  WP_038727754.1      95.15%    failed      0.55%
1149  WP_097013851.1      93.66%    failed      0.11%
1150  WP_009207753.1      94.98%    failed      0.00%
1151  WP_170449749.1      93.47%    failed      0.00%
1152  WP_087613066.1      93.25%    failed      0.00%
1153  WP_159375900.1      93.27%    failed      0.09%
1154  WP_071457896.1      95.33%    failed      0.00%
1155  WP_101501213.1      94.57%    failed      0.15%
1156  WP_135678419.1      94.40%    failed      0.00%
1157  WP_198874311.1      95.06%    failed      0.00%
1158  WP_013931235.1      92.32%    failed      0.00%
1159  WP_173118775.1      96.34%    passed     10.69%
1160  WP_007406711.1      91.64%    failed      0.00%
1161  WP_181717853.1      93.06%    failed      0.00%
1162  WP_162039146.1      97.32%    failed      0.54%
1163  WP_182947024.1      94.09%    failed      0.00%
1164  WP_175282656.1      96.45%    passed      7.83%
1165  WP_042669098.1      90.07%    failed      0.00%
1166  WP_182793046.1      93.23%    failed      0.00%
1167  WP_060176234.1      94.30%    failed      0.01%
1168  WP_114914057.1      94.42%    failed      0.00%
1169  WP_032426840.1      94.36%    failed      0.01%
1170  WP_023159975.1      94.20%    failed      0.00%
1171  WP_058229313.1      93.62%    failed      0.00%
1172  WP_011486345.1      91.64%    failed      0.00%
1173  WP_158664446.1      91.16%    failed      0.00%
1174  WP_028722261.1      94.42%    failed      0.04%
1175  WP_142093825.1      90.98%    failed      0.00%
1176  WP_143228718.1      96.49%    passed     12.06%
1177  WP_002347149.1      94.75%    failed      0.01%
1178  WP_004364903.1      92.48%    failed      0.23%
1179  WP_182482101.1      96.02%    failed      0.18%
1180  WP_167680471.1      92.88%    failed      0.00%
1181  WP_006405519.1      91.51%    failed      0.00%
1182  WP_066137035.1      93.27%    failed      0.01%
1183  WP_228740252.1      98.45%    failed      4.82%
1184  WP_024021610.1      93.85%    failed      0.00%
1185  WP_225890099.1      93.78%    failed      0.04%
1186  WP_162577691.1      92.09%    failed      0.00%
1187  WP_155081605.1      94.16%    failed      0.00%
1188  WP_228725734.1      97.48%    passed     19.96%
1189  WP_080955608.1      92.69%    failed      0.01%
1190  WP_065868905.1      98.55%    failed      2.52%
1191  WP_107722828.1      93.21%    failed      0.00%
1192  WP_071993214.1      98.97%    passed     24.30%
1193  WP_226382739.1      98.06%    passed      8.91%
1194  WP_157478252.1      92.79%    failed      0.00%
1195  WP_228443693.1      93.12%    failed      0.60%
1196  WP_097374671.1      93.39%    failed      2.13%
1197  WP_041793293.1      94.05%    passed     13.63%
1198  WP_063280691.1      90.75%    failed      0.00%
1199  WP_165352197.1      93.66%    failed      0.00%
1200  WP_218944957.1      97.65%    failed      4.25%
1201  WP_225441990.1      98.41%    passed     14.52%
1202  WP_223820616.1      98.78%    passed     15.30%
1203  WP_066110913.1      93.23%    failed      1.56%
1204  WP_126353109.1      91.12%    failed      0.00%
1205  WP_170113488.1      94.84%    failed      0.03%
1206  WP_137195953.1      93.43%    failed      0.00%
1207  WP_071678264.1      91.18%    failed      0.00%
1208  WP_104009790.1      93.68%    failed      1.08%
1209  WP_197940231.1      94.59%    failed      0.01%
1210  WP_100271418.1      93.72%    passed     10.85%
1211  WP_203172722.1      91.99%    failed      0.00%
1212  WP_185762755.1      92.20%    failed      0.00%
1213  WP_067010160.1      92.52%    failed      0.00%
1214  WP_011255126.1      92.79%    failed      0.00%
1215  WP_012477604.1      94.88%    failed      0.00%
1216  WP_015060777.1      93.89%    failed      0.96%
1217  WP_230029346.1      93.27%    failed      0.00%
1218  WP_101458637.1      93.89%    failed      0.05%
1219  WP_012842520.1      92.52%    failed      0.00%
1220  WP_012660672.1      93.97%    failed      0.08%
1221  WP_114070658.1      91.08%    failed      0.00%
1222  WP_150348760.1      95.29%    failed      2.23%
1223  WP_232564018.1      94.24%    failed      0.03%
1224  WP_012443158.1      93.25%    failed      0.00%
1225  WP_207144579.1      92.75%    failed      0.00%
1226  WP_002360724.1      95.35%    failed      0.02%
1227  WP_118831791.1      93.85%    failed      0.00%
1228  WP_205395037.1      95.04%    failed      0.00%
1229  WP_033845673.1      94.05%    failed      0.00%
1230  WP_130075518.1      91.51%    failed      0.00%
1231  WP_124228939.1      93.50%    failed      0.00%
1232  WP_162291214.1      93.93%    failed      0.00%
1233  WP_232286745.1      95.75%    passed     12.56%
1234  WP_004733876.1      94.12%    failed      0.00%
1235  WP_181717438.1      93.60%    failed      0.13%
1236  WP_181715931.1      94.84%    failed      0.00%
1237  WP_005261368.1      93.87%    failed      0.01%
1238  WP_104014002.1      94.38%    failed      0.71%
1239  WP_000371694.1      92.71%    failed      0.00%
1240  WP_068569693.1      93.87%    failed      0.50%
1241  WP_103421023.1      94.32%    failed      0.11%
1242  WP_181715685.1      95.70%    failed      0.00%
1243  WP_089483133.1      91.37%    failed      0.00%
1244  WP_210220936.1      93.37%    failed      0.00%
1245  WP_230213262.1      92.09%    failed      0.00%
1246  WP_103420886.1      94.05%    failed      0.01%
1247  WP_087554524.1      93.66%    failed      0.39%
1248  WP_009295430.1      93.81%    failed      0.00%
1249  WP_013921760.1      94.09%    failed      0.02%
1250  WP_173118872.1      91.80%    failed      0.00%
1251  WP_042562275.1      93.29%    failed      0.00%
1252  WP_021033795.1      92.90%    failed      0.00%
1253  WP_088370705.1      95.27%    failed      0.00%
1254  WP_172793134.1      94.26%    failed      0.00%
1255  WP_110135442.1      95.58%    failed      0.00%
1256  WP_068673875.1      90.30%    failed      0.00%
1257  WP_225427227.1      98.57%    passed     49.66%
1258  WP_208718130.1      94.14%    failed      0.00%
1259  WP_230625300.1      91.29%    failed      0.00%
1260  WP_191342118.1      93.37%    failed      0.00%
1261  WP_012088989.1      98.41%    failed      0.38%
1262  WP_021357813.1      97.34%    passed      5.44%
1263  WP_202036533.1      97.81%    passed     18.07%
1264  WP_114843408.1      88.81%    failed      0.00%
1265  WP_009228258.1      96.78%    passed      8.41%
1266  WP_223924338.1      96.35%    failed      0.20%
1267  WP_148248203.1      94.40%    failed      0.15%
1268  WP_141183545.1      93.10%    failed      0.52%
1269  WP_230461511.1      93.14%    failed      0.45%
1270  WP_064004357.1      93.17%    failed      0.00%
1271  WP_065432174.1      94.57%    failed      0.05%
1272  WP_213234280.1      90.92%    failed      0.00%
1273  WP_192961361.1      93.45%    failed      0.00%
1274  WP_010891255.1      93.87%    failed      0.00%
1275  WP_192961432.1      92.77%    failed      0.00%
1276  WP_205252879.1      93.91%    failed      0.00%
1277  WP_175416319.1      94.07%    failed      0.00%
1278  WP_011266120.1      92.52%    failed      0.00%
1279  WP_225336655.1      92.88%    failed      0.00%
1280  WP_192960850.1      92.34%    failed      0.00%
1281  WP_011153903.1      92.48%    failed      0.00%
1282  WP_015060813.1      89.45%    failed      0.00%
1283  WP_222609585.1      86.91%    failed      0.00%
1284  WP_011167199.1      93.64%    passed     40.39%
WARNING: 1284 sequences contain more than 50% gaps/ambiguity
****  TOTAL               94.04%  1121 sequences failed composition chi2 test (p-value<5%; df=19)


Create initial parsimony tree by phylogenetic likelihood library (PLL)... 15.832 seconds
Perform fast likelihood tree search using LG+I+G model...
Estimate model parameters (epsilon = 5.000)
Perform nearest neighbor interchange...
Estimate model parameters (epsilon = 1.000)
1. Initial log-likelihood: -752670.476
2. Current log-likelihood: -752669.329
Optimal log-likelihood: -752668.719
Proportion of invariable sites: 0.001
Gamma shape alpha: 3.990
Parameters optimization took 2 rounds (70.035 sec)
Time for fast ML tree search: 1244.283 seconds

NOTE: ModelFinder requires 9775 MB RAM!
ModelFinder will test up to 702 protein models (sample size: 5157) ...
 No. Model         -LnL         df  AIC          AICc         BIC
  1  LG            761883.763   2565 1528897.526  1533978.027  1545693.428
  2  LG+I          761876.254   2566 1528884.508  1533970.934  1545686.959
WARNING: Numerical underflow for lh-branch, use `-safe` option to avoid this warning
WARNING: Numerical underflow for lh-branch, use `-safe` option to avoid this warning
  3  LG+G4         752667.577   2566 1510467.154  1515553.581  1527269.605
  4  LG+I+G4       752667.901   2567 1510469.802  1515562.159  1527278.801
  5  LG+R2         754149.422   2567 1513432.844  1518525.201  1530241.843
  6  LG+R3         752771.878   2569 1510681.756  1515785.992  1527503.851
  7  LG+R4         752311.799   2571 1509765.598  1514881.739  1526600.789
  8  LG+R5         752032.384   2573 1509210.768  1514338.838  1526059.056
  9  LG+R6         751941.717   2575 1509033.434  1514173.457  1525894.818
 10  LG+R7         751848.869   2577 1508851.739  1514003.740  1525726.219
 11  LG+R8         751817.954   2579 1508793.908  1513957.913  1525681.485
 12  LG+R9         751797.062   2581 1508756.124  1513932.156  1525656.797
 13  LG+R10        751792.181   2583 1508750.362  1513938.448  1525664.131
 25  LG+F+R9       758371.754   2600 1521943.508  1527235.057  1538968.595
 26  LG+F+R10      758364.535   2602 1521933.069  1527236.911  1538971.252
 38  WAG+R9        752854.908   2581 1510871.815  1516047.848  1527772.488
 39  WAG+R10       752851.293   2583 1510868.587  1516056.672  1527782.356
 51  WAG+F+R9      755992.606   2600 1517185.211  1522476.760  1534210.298
